  Compiling CUDA source file kernel.cu...
  
  C:\Users\INTEL\project\dspc-assignment\CUDA>"C:\Program Files\NVIDIA GPU Computing Toolkit\CUDA\v12.2\bin\nvcc.exe" -gencode=arch=compute_52,code=\"sm_52,compute_52\" --use-local-env -ccbin "C:\Program Files\Microsoft Visual Studio\2022\Community\VC\Tools\MSVC\14.37.32822\bin\HostX64\x64" -x cu   -I"C:\Program Files\NVIDIA GPU Computing Toolkit\CUDA\v12.2\include" -I"C:\Program Files\NVIDIA GPU Computing Toolkit\CUDA\v12.2\include"  -G   --keep-dir x64\Debug  -maxrregcount=0   --machine 64 --compile -cudart static  -g  -DWIN32 -DWIN64 -D_DEBUG -D_CONSOLE -D_MBCS -Xcompiler "/EHsc /W3 /nologo /Od /FS /Zi /RTC1 /MDd " -Xcompiler "/Fdx64\Debug\vc143.pdb" -o C:\Users\INTEL\project\dspc-assignment\CUDA\x64\Debug\kernel.cu.obj "C:\Users\INTEL\project\dspc-assignment\CUDA\kernel.cu" 
C:\Program Files\opencv\build\include\opencv2/stitching/detail/warpers.hpp(235): warning #611-D: overloaded virtual function "cv::detail::PlaneWarper::buildMaps" is only partially overridden in class "cv::detail::AffineWarper"
    class  AffineWarper : public PlaneWarper
           ^
  
  Remark: The warnings can be suppressed with "-diag-suppress <warning-number>"
  
C:\Program Files\opencv\build\include\opencv2/stitching/detail/warpers.hpp(235): warning #611-D: overloaded virtual function "cv::detail::PlaneWarper::warp" is only partially overridden in class "cv::detail::AffineWarper"
    class  AffineWarper : public PlaneWarper
           ^
  
C:\Program Files\opencv\build\include\opencv2/stitching/detail/matchers.hpp(182): warning #611-D: overloaded virtual function "cv::detail::FeaturesMatcher::match" is only partially overridden in class "cv::detail::BestOf2NearestMatcher"
    class  BestOf2NearestMatcher : public FeaturesMatcher
           ^
  
C:\Program Files\opencv\build\include\opencv2/stitching/detail/matchers.hpp(236): warning #611-D: overloaded virtual function "cv::detail::FeaturesMatcher::match" is only partially overridden in class "cv::detail::AffineBestOf2NearestMatcher"
    class  AffineBestOf2NearestMatcher : public BestOf2NearestMatcher
           ^
  
C:\Program Files\opencv\build\include\opencv2/stitching/detail/blenders.hpp(100): warning #611-D: overloaded virtual function "cv::detail::Blender::prepare" is only partially overridden in class "cv::detail::FeatherBlender"
    class  FeatherBlender : public Blender
           ^
  
C:\Program Files\opencv\build\include\opencv2/stitching/detail/blenders.hpp(127): warning #611-D: overloaded virtual function "cv::detail::Blender::prepare" is only partially overridden in class "cv::detail::MultiBandBlender"
    class  MultiBandBlender : public Blender
           ^
  
C:\Program Files\opencv\build\include\opencv2/stitching/detail/warpers.hpp(235): warning #611-D: overloaded virtual function "cv::detail::PlaneWarper::buildMaps" is only partially overridden in class "cv::detail::AffineWarper"
    class  AffineWarper : public PlaneWarper
           ^
  
  Remark: The warnings can be suppressed with "-diag-suppress <warning-number>"
  
C:\Program Files\opencv\build\include\opencv2/stitching/detail/warpers.hpp(235): warning #611-D: overloaded virtual function "cv::detail::PlaneWarper::warp" is only partially overridden in class "cv::detail::AffineWarper"
    class  AffineWarper : public PlaneWarper
           ^
  
C:\Program Files\opencv\build\include\opencv2/stitching/detail/matchers.hpp(182): warning #611-D: overloaded virtual function "cv::detail::FeaturesMatcher::match" is only partially overridden in class "cv::detail::BestOf2NearestMatcher"
    class  BestOf2NearestMatcher : public FeaturesMatcher
           ^
  
C:\Program Files\opencv\build\include\opencv2/stitching/detail/matchers.hpp(236): warning #611-D: overloaded virtual function "cv::detail::FeaturesMatcher::match" is only partially overridden in class "cv::detail::AffineBestOf2NearestMatcher"
    class  AffineBestOf2NearestMatcher : public BestOf2NearestMatcher
           ^
  
C:\Program Files\opencv\build\include\opencv2/stitching/detail/blenders.hpp(100): warning #611-D: overloaded virtual function "cv::detail::Blender::prepare" is only partially overridden in class "cv::detail::FeatherBlender"
    class  FeatherBlender : public Blender
           ^
  
C:\Program Files\opencv\build\include\opencv2/stitching/detail/blenders.hpp(127): warning #611-D: overloaded virtual function "cv::detail::Blender::prepare" is only partially overridden in class "cv::detail::MultiBandBlender"
    class  MultiBandBlender : public Blender
           ^
  
C:\Users\INTEL\project\dspc-assignment\CUDA\kernel.cu(778): warning #177-D: variable "slopeThreshold" was declared but never referenced
        float slopeThreshold = 0.5;
              ^
  
  kernel.cu
  tmpxft_000060b8_00000000-7_kernel.cudafe1.cpp
C:\Users\INTEL\project\dspc-assignment\CUDA\kernel.cu(348): warning C4305: 'initializing': truncation from 'double' to 'float'
C:\Users\INTEL\project\dspc-assignment\CUDA\kernel.cu(352): warning C4305: 'initializing': truncation from 'double' to 'float'
C:\Users\INTEL\project\dspc-assignment\CUDA\kernel.cu(353): warning C4305: 'initializing': truncation from 'double' to 'float'
C:\Users\INTEL\project\dspc-assignment\CUDA\kernel.cu(357): warning C4305: 'initializing': truncation from 'double' to 'float'
C:\Users\INTEL\project\dspc-assignment\CUDA\kernel.cu(363): warning C4244: 'argument': conversion from 'float' to '_Tp', possible loss of data
          with
          [
              _Tp=int
          ]
C:\Users\INTEL\project\dspc-assignment\CUDA\kernel.cu(363): warning C4244: 'argument': conversion from 'float' to '_Tp', possible loss of data
          with
          [
              _Tp=int
          ]
C:\Users\INTEL\project\dspc-assignment\CUDA\kernel.cu(364): warning C4244: 'argument': conversion from 'float' to '_Tp', possible loss of data
          with
          [
              _Tp=int
          ]
C:\Users\INTEL\project\dspc-assignment\CUDA\kernel.cu(364): warning C4244: 'argument': conversion from 'float' to '_Tp', possible loss of data
          with
          [
              _Tp=int
          ]
C:\Users\INTEL\project\dspc-assignment\CUDA\kernel.cu(365): warning C4244: 'argument': conversion from 'float' to '_Tp', possible loss of data
          with
          [
              _Tp=int
          ]
C:\Users\INTEL\project\dspc-assignment\CUDA\kernel.cu(365): warning C4244: 'argument': conversion from 'float' to '_Tp', possible loss of data
          with
          [
              _Tp=int
          ]
C:\Users\INTEL\project\dspc-assignment\CUDA\kernel.cu(366): warning C4244: 'argument': conversion from 'float' to '_Tp', possible loss of data
          with
          [
              _Tp=int
          ]
C:\Users\INTEL\project\dspc-assignment\CUDA\kernel.cu(366): warning C4244: 'argument': conversion from 'float' to '_Tp', possible loss of data
          with
          [
              _Tp=int
          ]
C:\Users\INTEL\project\dspc-assignment\CUDA\kernel.cu(369): warning C4244: 'argument': conversion from 'float' to '_Tp', possible loss of data
          with
          [
              _Tp=int
          ]
C:\Users\INTEL\project\dspc-assignment\CUDA\kernel.cu(369): warning C4244: 'argument': conversion from 'float' to '_Tp', possible loss of data
          with
          [
              _Tp=int
          ]
C:\Users\INTEL\project\dspc-assignment\CUDA\kernel.cu(370): warning C4244: 'argument': conversion from 'float' to '_Tp', possible loss of data
          with
          [
              _Tp=int
          ]
C:\Users\INTEL\project\dspc-assignment\CUDA\kernel.cu(370): warning C4244: 'argument': conversion from 'float' to '_Tp', possible loss of data
          with
          [
              _Tp=int
          ]
C:\Users\INTEL\project\dspc-assignment\CUDA\kernel.cu(371): warning C4244: 'argument': conversion from 'float' to '_Tp', possible loss of data
          with
          [
              _Tp=int
          ]
C:\Users\INTEL\project\dspc-assignment\CUDA\kernel.cu(371): warning C4244: 'argument': conversion from 'float' to '_Tp', possible loss of data
          with
          [
              _Tp=int
          ]
C:\Users\INTEL\project\dspc-assignment\CUDA\kernel.cu(372): warning C4244: 'argument': conversion from 'float' to '_Tp', possible loss of data
          with
          [
              _Tp=int
          ]
C:\Users\INTEL\project\dspc-assignment\CUDA\kernel.cu(372): warning C4244: 'argument': conversion from 'float' to '_Tp', possible loss of data
          with
          [
              _Tp=int
          ]
C:\Users\INTEL\project\dspc-assignment\CUDA\kernel.cu(801): warning C4244: 'argument': conversion from 'double' to '_Ty', possible loss of data
          with
          [
              _Ty=float
          ]
C:\Users\INTEL\project\dspc-assignment\CUDA\kernel.cu(892): warning C4244: 'initializing': conversion from 'double' to 'int', possible loss of data
C:\Users\INTEL\project\dspc-assignment\CUDA\kernel.cu(895): warning C4244: 'initializing': conversion from 'double' to 'int', possible loss of data
C:\Users\INTEL\project\dspc-assignment\CUDA\kernel.cu(896): warning C4244: 'initializing': conversion from 'double' to 'int', possible loss of data
C:\Users\INTEL\project\dspc-assignment\CUDA\kernel.cu(898): warning C4244: 'initializing': conversion from 'double' to 'int', possible loss of data
C:\Users\INTEL\project\dspc-assignment\CUDA\kernel.cu(899): warning C4244: 'initializing': conversion from 'double' to 'int', possible loss of data
C:\Users\INTEL\project\dspc-assignment\CUDA\kernel.cu(45): warning C4267: 'initializing': conversion from 'size_t' to 'int', possible loss of data
  C:\Users\INTEL\project\dspc-assignment\CUDA\kernel.cu(847): note: see reference to function template instantiation 'std::vector<_Tp,std::allocator<_Tp>> estimateCoefficients<int,double>(std::vector<int,std::allocator<int>>,std::vector<int,std::allocator<int>>)' being compiled
          with
          [
              _Tp=double
          ]
C:\Users\INTEL\project\dspc-assignment\CUDA\kernel.cu(36): warning C4244: '=': conversion from '_Ty' to 'X', possible loss of data
          with
          [
              _Ty=double
          ]
          and
          [
              X=int
          ]
  C:\Users\INTEL\project\dspc-assignment\CUDA\kernel.cu(52): note: see reference to function template instantiation 'X multiplyAndSum<T,T>(std::vector<int,std::allocator<int>>,std::vector<int,std::allocator<int>>)' being compiled
          with
          [
              X=int,
              T=int
          ]
  C:\Users\INTEL\project\dspc-assignment\CUDA\kernel.cu(847): note: see reference to function template instantiation 'std::vector<_Tp,std::allocator<_Tp>> estimateCoefficients<int,double>(std::vector<int,std::allocator<int>>,std::vector<int,std::allocator<int>>)' being compiled
          with
          [
              _Tp=double
          ]
     Creating library C:\Users\INTEL\project\dspc-assignment\x64\Debug\CUDA.lib and object C:\Users\INTEL\project\dspc-assignment\x64\Debug\CUDA.exp
LINK : warning LNK4098: defaultlib 'LIBCMT' conflicts with use of other libs; use /NODEFAULTLIB:library
  CUDA.vcxproj -> C:\Users\INTEL\project\dspc-assignment\x64\Debug\CUDA.exe
