  pThread.cpp
C:\Users\INTEL\project\dspc-assignment\pThread\pThread.cpp(316,29): warning C4305: 'initializing': truncation from 'double' to 'float'
C:\Users\INTEL\project\dspc-assignment\pThread\pThread.cpp(318,28): warning C4305: 'initializing': truncation from 'double' to 'float'
C:\Users\INTEL\project\dspc-assignment\pThread\pThread.cpp(319,25): warning C4305: 'initializing': truncation from 'double' to 'float'
C:\Users\INTEL\project\dspc-assignment\pThread\pThread.cpp(321,15): warning C4305: 'initializing': truncation from 'double' to 'float'
C:\Users\INTEL\project\dspc-assignment\pThread\pThread.cpp(328,85): warning C4244: 'argument': conversion from 'float' to '_Tp', possible loss of data
          with
          [
              _Tp=int
          ]
C:\Users\INTEL\project\dspc-assignment\pThread\pThread.cpp(328,68): warning C4244: 'argument': conversion from 'float' to '_Tp', possible loss of data
          with
          [
              _Tp=int
          ]
C:\Users\INTEL\project\dspc-assignment\pThread\pThread.cpp(329,82): warning C4244: 'argument': conversion from 'float' to '_Tp', possible loss of data
          with
          [
              _Tp=int
          ]
C:\Users\INTEL\project\dspc-assignment\pThread\pThread.cpp(329,65): warning C4244: 'argument': conversion from 'float' to '_Tp', possible loss of data
          with
          [
              _Tp=int
          ]
C:\Users\INTEL\project\dspc-assignment\pThread\pThread.cpp(330,96): warning C4244: 'argument': conversion from 'float' to '_Tp', possible loss of data
          with
          [
              _Tp=int
          ]
C:\Users\INTEL\project\dspc-assignment\pThread\pThread.cpp(330,37): warning C4244: 'argument': conversion from 'float' to '_Tp', possible loss of data
          with
          [
              _Tp=int
          ]
C:\Users\INTEL\project\dspc-assignment\pThread\pThread.cpp(331,99): warning C4244: 'argument': conversion from 'float' to '_Tp', possible loss of data
          with
          [
              _Tp=int
          ]
C:\Users\INTEL\project\dspc-assignment\pThread\pThread.cpp(331,37): warning C4244: 'argument': conversion from 'float' to '_Tp', possible loss of data
          with
          [
              _Tp=int
          ]
C:\Users\INTEL\project\dspc-assignment\pThread\pThread.cpp(334,104): warning C4244: 'argument': conversion from 'float' to '_Tp', possible loss of data
          with
          [
              _Tp=int
          ]
C:\Users\INTEL\project\dspc-assignment\pThread\pThread.cpp(334,87): warning C4244: 'argument': conversion from 'float' to '_Tp', possible loss of data
          with
          [
              _Tp=int
          ]
C:\Users\INTEL\project\dspc-assignment\pThread\pThread.cpp(335,98): warning C4244: 'argument': conversion from 'float' to '_Tp', possible loss of data
          with
          [
              _Tp=int
          ]
C:\Users\INTEL\project\dspc-assignment\pThread\pThread.cpp(335,81): warning C4244: 'argument': conversion from 'float' to '_Tp', possible loss of data
          with
          [
              _Tp=int
          ]
C:\Users\INTEL\project\dspc-assignment\pThread\pThread.cpp(336,112): warning C4244: 'argument': conversion from 'float' to '_Tp', possible loss of data
          with
          [
              _Tp=int
          ]
C:\Users\INTEL\project\dspc-assignment\pThread\pThread.cpp(336,37): warning C4244: 'argument': conversion from 'float' to '_Tp', possible loss of data
          with
          [
              _Tp=int
          ]
C:\Users\INTEL\project\dspc-assignment\pThread\pThread.cpp(337,118): warning C4244: 'argument': conversion from 'float' to '_Tp', possible loss of data
          with
          [
              _Tp=int
          ]
C:\Users\INTEL\project\dspc-assignment\pThread\pThread.cpp(337,37): warning C4244: 'argument': conversion from 'float' to '_Tp', possible loss of data
          with
          [
              _Tp=int
          ]
C:\Users\INTEL\project\dspc-assignment\pThread\pThread.cpp(569,19): warning C4267: 'initializing': conversion from 'size_t' to 'int', possible loss of data
C:\Users\INTEL\project\dspc-assignment\pThread\pThread.cpp(574,35): warning C4267: '=': conversion from 'size_t' to 'int', possible loss of data
C:\Users\INTEL\project\dspc-assignment\pThread\pThread.cpp(675,30): warning C4244: 'argument': conversion from 'double' to '_Ty', possible loss of data
          with
          [
              _Ty=float
          ]
C:\Users\INTEL\project\dspc-assignment\pThread\pThread.cpp(766,12): warning C4244: 'initializing': conversion from 'double' to 'int', possible loss of data
C:\Users\INTEL\project\dspc-assignment\pThread\pThread.cpp(769,17): warning C4244: 'initializing': conversion from 'double' to 'int', possible loss of data
C:\Users\INTEL\project\dspc-assignment\pThread\pThread.cpp(770,17): warning C4244: 'initializing': conversion from 'double' to 'int', possible loss of data
C:\Users\INTEL\project\dspc-assignment\pThread\pThread.cpp(772,16): warning C4244: 'initializing': conversion from 'double' to 'int', possible loss of data
C:\Users\INTEL\project\dspc-assignment\pThread\pThread.cpp(773,16): warning C4244: 'initializing': conversion from 'double' to 'int', possible loss of data
C:\Users\INTEL\project\dspc-assignment\pThread\pThread.cpp(75,11): warning C4267: 'initializing': conversion from 'size_t' to 'int', possible loss of data
C:\Users\INTEL\project\dspc-assignment\pThread\pThread.cpp(721,43): message : see reference to function template instantiation 'std::vector<_Tp,std::allocator<_Tp>> estimateCoefficients<int,double>(std::vector<int,std::allocator<int>>,std::vector<int,std::allocator<int>>)' being compiled
          with
          [
              _Tp=double
          ]
C:\Users\INTEL\project\dspc-assignment\pThread\pThread.cpp(66,26): warning C4244: '=': conversion from '_Ty' to 'int', possible loss of data
          with
          [
              _Ty=double
          ]
C:\Users\INTEL\project\dspc-assignment\pThread\pThread.cpp(82,14): message : see reference to function template instantiation 'X multiplyAndSum<int,int>(std::vector<int,std::allocator<int>>,std::vector<int,std::allocator<int>>)' being compiled
          with
          [
              X=int
          ]
C:\Users\INTEL\project\dspc-assignment\pThread\pThread.cpp(721,43): message : see reference to function template instantiation 'std::vector<_Tp,std::allocator<_Tp>> estimateCoefficients<int,double>(std::vector<int,std::allocator<int>>,std::vector<int,std::allocator<int>>)' being compiled
          with
          [
              _Tp=double
          ]
  pThread.vcxproj -> C:\Users\INTEL\project\dspc-assignment\x64\Debug\pThread.exe
